<?xml version='1.0' encoding='UTF-8' ?>
<testsuite name="jp.redmine.redmineclient.testentity.TypeConverterTest" tests="6" failures="0" errors="0" skipped="0" time="0.18" timestamp="2017-09-07T16:47:51" hostname="localhost">
  <properties>
    <property name="device" value="test(AVD) - 5.1.1" />
    <property name="flavor" value="" />
    <property name="project" value="OpenRedmine" />
  </properties>
  <testcase name="testAndroidTestCaseSetupProperly" classname="jp.redmine.redmineclient.testentity.TypeConverterTest" time="0.026" />
  <testcase name="testDateTimeLocal" classname="jp.redmine.redmineclient.testentity.TypeConverterTest" time="0.0" />
  <testcase name="testDateTimeLocalMs" classname="jp.redmine.redmineclient.testentity.TypeConverterTest" time="0.0" />
  <testcase name="testDateTimeUTC" classname="jp.redmine.redmineclient.testentity.TypeConverterTest" time="0.026" />
  <testcase name="testAndroidTestCaseSetupProperly" classname="jp.redmine.redmineclient.testurl.RemoteUrlIssueTest" time="0.0" />
  <testcase name="testRaw" classname="jp.redmine.redmineclient.testurl.RemoteUrlIssueTest" time="0.0" />
</testsuite>