<?xml version='1.0' encoding='UTF-8' ?>
<testsuite name="jp.redmine.redmineclient.testentity.TypeConverterTest" tests="6" failures="0" errors="0" skipped="0" time="3.116" timestamp="2018-09-17T11:25:24" hostname="localhost">
  <properties>
    <property name="device" value="test(AVD) - 2.3.3" />
    <property name="flavor" value="" />
    <property name="project" value="OpenRedmine" />
  </properties>
  <testcase name="testAndroidTestCaseSetupProperly" classname="jp.redmine.redmineclient.testentity.TypeConverterTest" time="0.0" />
  <testcase name="testDateTimeLocal" classname="jp.redmine.redmineclient.testentity.TypeConverterTest" time="1.813" />
  <testcase name="testDateTimeLocalMs" classname="jp.redmine.redmineclient.testentity.TypeConverterTest" time="1.182" />
  <testcase name="testDateTimeUTC" classname="jp.redmine.redmineclient.testentity.TypeConverterTest" time="0.0" />
  <testcase name="testAndroidTestCaseSetupProperly" classname="jp.redmine.redmineclient.testurl.RemoteUrlIssueTest" time="0.025" />
  <testcase name="testRaw" classname="jp.redmine.redmineclient.testurl.RemoteUrlIssueTest" time="0.025" />
</testsuite>